INFO 2018-10-22 21:03:07,284 basehttp 124 "GET / HTTP/1.1" 200 1714
INFO 2018-10-22 21:17:45,445 basehttp 124 "GET / HTTP/1.1" 200 1714
WARNING 2018-10-22 21:17:45,728 base 152 Not Found: /favicon.ico
WARNING 2018-10-22 21:17:45,729 basehttp 124 "GET /favicon.ico HTTP/1.1" 404 1967
WARNING 2018-10-23 19:49:25,845 base 152 Not Found: /
WARNING 2018-10-23 19:49:25,846 basehttp 124 "GET / HTTP/1.1" 404 2106
WARNING 2018-10-23 19:49:25,896 base 152 Not Found: /favicon.ico
WARNING 2018-10-23 19:49:25,897 basehttp 124 "GET /favicon.ico HTTP/1.1" 404 2157
WARNING 2018-10-23 19:49:35,900 base 152 Not Found: /sms_codes/
WARNING 2018-10-23 19:49:35,901 basehttp 124 "GET /sms_codes/ HTTP/1.1" 404 2154
INFO 2018-10-23 19:49:50,807 basehttp 124 "GET /sms_codes/13111111111 HTTP/1.1" 301 0
ERROR 2018-10-23 19:49:50,824 exception 135 Internal Server Error: /sms_codes/13111111111/
Traceback (most recent call last):
  File "/home/python/.virtualenvs/meiduo17/lib/python3.5/site-packages/django/core/handlers/exception.py", line 41, in inner
    response = get_response(request)
  File "/home/python/.virtualenvs/meiduo17/lib/python3.5/site-packages/django/core/handlers/base.py", line 187, in _get_response
    response = self.process_exception_by_middleware(e, request)
  File "/home/python/.virtualenvs/meiduo17/lib/python3.5/site-packages/django/core/handlers/base.py", line 185, in _get_response
    response = wrapped_callback(request, *callback_args, **callback_kwargs)
  File "/home/python/.virtualenvs/meiduo17/lib/python3.5/site-packages/django/views/decorators/csrf.py", line 58, in wrapped_view
    return view_func(*args, **kwargs)
  File "/home/python/.virtualenvs/meiduo17/lib/python3.5/site-packages/django/views/generic/base.py", line 68, in view
    return self.dispatch(request, *args, **kwargs)
  File "/home/python/.virtualenvs/meiduo17/lib/python3.5/site-packages/rest_framework/views.py", line 483, in dispatch
    response = self.handle_exception(exc)
  File "/home/python/.virtualenvs/meiduo17/lib/python3.5/site-packages/rest_framework/views.py", line 443, in handle_exception
    self.raise_uncaught_exception(exc)
  File "/home/python/.virtualenvs/meiduo17/lib/python3.5/site-packages/rest_framework/views.py", line 480, in dispatch
    response = handler(request, *args, **kwargs)
  File "/home/python/Documents/meiduo/InfoNews/meiduo_mall/meiduo_mall/apps/verifications/views.py", line 17, in get
    conn.setext('sms_%s'%mobile,300,sms_code)
AttributeError: 'StrictRedis' object has no attribute 'setext'
ERROR 2018-10-23 19:49:51,008 basehttp 124 "GET /sms_codes/13111111111/ HTTP/1.1" 500 98360
ERROR 2018-10-23 19:50:03,490 exception 135 Internal Server Error: /sms_codes/13111111111/
Traceback (most recent call last):
  File "/home/python/.virtualenvs/meiduo17/lib/python3.5/site-packages/django/core/handlers/exception.py", line 41, in inner
    response = get_response(request)
  File "/home/python/.virtualenvs/meiduo17/lib/python3.5/site-packages/django/core/handlers/base.py", line 187, in _get_response
    response = self.process_exception_by_middleware(e, request)
  File "/home/python/.virtualenvs/meiduo17/lib/python3.5/site-packages/django/core/handlers/base.py", line 185, in _get_response
    response = wrapped_callback(request, *callback_args, **callback_kwargs)
  File "/home/python/.virtualenvs/meiduo17/lib/python3.5/site-packages/django/views/decorators/csrf.py", line 58, in wrapped_view
    return view_func(*args, **kwargs)
  File "/home/python/.virtualenvs/meiduo17/lib/python3.5/site-packages/django/views/generic/base.py", line 68, in view
    return self.dispatch(request, *args, **kwargs)
  File "/home/python/.virtualenvs/meiduo17/lib/python3.5/site-packages/rest_framework/views.py", line 483, in dispatch
    response = self.handle_exception(exc)
  File "/home/python/.virtualenvs/meiduo17/lib/python3.5/site-packages/rest_framework/views.py", line 443, in handle_exception
    self.raise_uncaught_exception(exc)
  File "/home/python/.virtualenvs/meiduo17/lib/python3.5/site-packages/rest_framework/views.py", line 480, in dispatch
    response = handler(request, *args, **kwargs)
  File "/home/python/Documents/meiduo/InfoNews/meiduo_mall/meiduo_mall/apps/verifications/views.py", line 17, in get
    conn.setex('sms_%s'%mobile,300,sms_code)
AttributeError: 'StrictRedis' object has no attribute 'setext'
ERROR 2018-10-23 19:50:03,561 basehttp 124 "GET /sms_codes/13111111111/ HTTP/1.1" 500 98493
INFO 2018-10-23 19:50:19,675 basehttp 124 "GET /sms_codes/13111111111/ HTTP/1.1" 200 9558
INFO 2018-10-23 19:50:19,722 basehttp 124 "GET /static/rest_framework/js/ajax-form.js HTTP/1.1" 200 3597
INFO 2018-10-23 19:50:19,723 basehttp 124 "GET /static/rest_framework/js/prettify-min.js HTTP/1.1" 200 13632
INFO 2018-10-23 19:50:19,725 basehttp 124 "GET /static/rest_framework/js/bootstrap.min.js HTTP/1.1" 200 37045
INFO 2018-10-23 19:50:19,726 basehttp 124 "GET /static/rest_framework/css/prettify.css HTTP/1.1" 200 817
INFO 2018-10-23 19:50:19,728 basehttp 124 "GET /static/rest_framework/css/bootstrap-tweaks.css HTTP/1.1" 200 3385
INFO 2018-10-23 19:50:19,731 basehttp 124 "GET /static/rest_framework/js/jquery-3.3.1.min.js HTTP/1.1" 200 86927
INFO 2018-10-23 19:50:19,764 basehttp 124 "GET /static/rest_framework/js/default.js HTTP/1.1" 200 1262
INFO 2018-10-23 19:50:19,765 basehttp 124 "GET /static/rest_framework/js/csrf.js HTTP/1.1" 200 1735
INFO 2018-10-23 19:50:19,769 basehttp 124 "GET /static/rest_framework/css/default.css HTTP/1.1" 200 1131
INFO 2018-10-23 19:50:19,775 basehttp 124 "GET /static/rest_framework/css/bootstrap.min.css HTTP/1.1" 200 121200
INFO 2018-10-23 19:50:19,910 basehttp 124 "GET /static/rest_framework/img/grid.png HTTP/1.1" 200 1458
INFO 2018-10-23 19:50:46,422 basehttp 124 "GET /sms_codes/15684575817/ HTTP/1.1" 200 9558
INFO 2018-10-23 19:51:38,024 basehttp 124 "GET /sms_codes/15684575817/ HTTP/1.1" 200 9558
INFO 2018-10-23 19:55:55,929 basehttp 124 "GET /sms_codes/15618586476/ HTTP/1.1" 200 9558
INFO 2018-10-23 19:57:14,276 basehttp 124 "GET /sms_codes/15618586476/ HTTP/1.1" 200 9558
INFO 2018-10-23 19:58:26,953 basehttp 124 "GET /sms_codes/15684575817/ HTTP/1.1" 200 9558
INFO 2018-10-23 20:14:55,216 basehttp 124 "GET /sms_codes/13111111111/ HTTP/1.1" 200 9558
INFO 2018-10-23 20:15:19,650 basehttp 124 "GET /sms_codes/13111111111/ HTTP/1.1" 200 9558
INFO 2018-10-23 20:32:03,164 basehttp 124 "GET /sms_codes/15684575817/ HTTP/1.1" 200 9558
INFO 2018-10-23 20:35:17,144 basehttp 124 "GET /sms_codes/15684575817/ HTTP/1.1" 200 9558
INFO 2018-10-23 20:35:17,170 basehttp 124 "GET /static/rest_framework/css/bootstrap-tweaks.css HTTP/1.1" 304 0
INFO 2018-10-23 20:35:17,177 basehttp 124 "GET /static/rest_framework/css/prettify.css HTTP/1.1" 304 0
INFO 2018-10-23 20:35:17,178 basehttp 124 "GET /static/rest_framework/css/bootstrap.min.css HTTP/1.1" 304 0
INFO 2018-10-23 20:35:17,179 basehttp 124 "GET /static/rest_framework/css/default.css HTTP/1.1" 304 0
INFO 2018-10-23 20:35:17,180 basehttp 124 "GET /static/rest_framework/js/jquery-3.3.1.min.js HTTP/1.1" 304 0
INFO 2018-10-23 20:35:17,181 basehttp 124 "GET /static/rest_framework/js/ajax-form.js HTTP/1.1" 304 0
INFO 2018-10-23 20:35:17,203 basehttp 124 "GET /static/rest_framework/js/default.js HTTP/1.1" 304 0
INFO 2018-10-23 20:35:17,205 basehttp 124 "GET /static/rest_framework/js/bootstrap.min.js HTTP/1.1" 304 0
INFO 2018-10-23 20:35:17,205 basehttp 124 "GET /static/rest_framework/js/prettify-min.js HTTP/1.1" 304 0
INFO 2018-10-23 20:35:17,205 basehttp 124 "GET /static/rest_framework/js/csrf.js HTTP/1.1" 304 0
WARNING 2018-10-23 20:35:25,392 basehttp 124 "GET /sms_codes/15684575817/ HTTP/1.1" 400 9583
WARNING 2018-10-23 20:35:27,422 basehttp 124 "GET /sms_codes/15684575817/ HTTP/1.1" 400 9583
INFO 2018-10-23 21:45:24,054 basehttp 124 "GET /sms_codes/15684575817/ HTTP/1.1" 200 9558
WARNING 2018-10-23 21:46:14,129 basehttp 124 "GET /sms_codes/15684575817/ HTTP/1.1" 400 9583
INFO 2018-10-23 21:46:14,150 basehttp 124 "GET /static/rest_framework/css/bootstrap-tweaks.css HTTP/1.1" 304 0
INFO 2018-10-23 21:46:14,152 basehttp 124 "GET /static/rest_framework/css/bootstrap.min.css HTTP/1.1" 304 0
INFO 2018-10-23 21:46:14,152 basehttp 124 "GET /static/rest_framework/css/prettify.css HTTP/1.1" 304 0
INFO 2018-10-23 21:46:14,160 basehttp 124 "GET /static/rest_framework/css/default.css HTTP/1.1" 304 0
INFO 2018-10-23 21:46:14,161 basehttp 124 "GET /static/rest_framework/js/csrf.js HTTP/1.1" 304 0
INFO 2018-10-23 21:46:14,162 basehttp 124 "GET /static/rest_framework/js/jquery-3.3.1.min.js HTTP/1.1" 304 0
INFO 2018-10-23 21:46:14,163 basehttp 124 "GET /static/rest_framework/js/ajax-form.js HTTP/1.1" 304 0
INFO 2018-10-23 21:46:14,164 basehttp 124 "GET /static/rest_framework/js/bootstrap.min.js HTTP/1.1" 304 0
INFO 2018-10-23 21:46:14,167 basehttp 124 "GET /static/rest_framework/js/default.js HTTP/1.1" 304 0
INFO 2018-10-23 21:46:14,167 basehttp 124 "GET /static/rest_framework/js/prettify-min.js HTTP/1.1" 304 0
WARNING 2018-10-23 21:46:20,028 basehttp 124 "GET /sms_codes/15684575817/ HTTP/1.1" 400 9583
INFO 2018-10-23 21:46:20,044 basehttp 124 "GET /static/rest_framework/css/bootstrap.min.css HTTP/1.1" 304 0
INFO 2018-10-23 21:46:20,045 basehttp 124 "GET /static/rest_framework/css/bootstrap-tweaks.css HTTP/1.1" 304 0
INFO 2018-10-23 21:46:20,047 basehttp 124 "GET /static/rest_framework/css/prettify.css HTTP/1.1" 304 0
INFO 2018-10-23 21:46:20,048 basehttp 124 "GET /static/rest_framework/js/jquery-3.3.1.min.js HTTP/1.1" 304 0
INFO 2018-10-23 21:46:20,049 basehttp 124 "GET /static/rest_framework/css/default.css HTTP/1.1" 304 0
INFO 2018-10-23 21:46:20,064 basehttp 124 "GET /static/rest_framework/js/ajax-form.js HTTP/1.1" 304 0
INFO 2018-10-23 21:46:20,066 basehttp 124 "GET /static/rest_framework/js/prettify-min.js HTTP/1.1" 304 0
INFO 2018-10-23 21:46:20,066 basehttp 124 "GET /static/rest_framework/js/bootstrap.min.js HTTP/1.1" 304 0
INFO 2018-10-23 21:46:20,068 basehttp 124 "GET /static/rest_framework/js/default.js HTTP/1.1" 304 0
INFO 2018-10-23 21:46:20,068 basehttp 124 "GET /static/rest_framework/js/csrf.js HTTP/1.1" 304 0
WARNING 2018-10-23 21:46:20,745 basehttp 124 "GET /sms_codes/15684575817/ HTTP/1.1" 400 9583
INFO 2018-10-23 21:46:20,758 basehttp 124 "GET /static/rest_framework/css/default.css HTTP/1.1" 304 0
INFO 2018-10-23 21:46:20,759 basehttp 124 "GET /static/rest_framework/js/jquery-3.3.1.min.js HTTP/1.1" 304 0
INFO 2018-10-23 21:46:20,766 basehttp 124 "GET /static/rest_framework/css/prettify.css HTTP/1.1" 304 0
INFO 2018-10-23 21:46:20,767 basehttp 124 "GET /static/rest_framework/css/bootstrap.min.css HTTP/1.1" 304 0
INFO 2018-10-23 21:46:20,770 basehttp 124 "GET /static/rest_framework/js/ajax-form.js HTTP/1.1" 304 0
INFO 2018-10-23 21:46:20,770 basehttp 124 "GET /static/rest_framework/css/bootstrap-tweaks.css HTTP/1.1" 304 0
INFO 2018-10-23 21:46:20,770 basehttp 124 "GET /static/rest_framework/js/bootstrap.min.js HTTP/1.1" 304 0
INFO 2018-10-23 21:46:20,770 basehttp 124 "GET /static/rest_framework/js/csrf.js HTTP/1.1" 304 0
INFO 2018-10-23 21:46:20,776 basehttp 124 "GET /static/rest_framework/js/default.js HTTP/1.1" 304 0
INFO 2018-10-23 21:46:20,777 basehttp 124 "GET /static/rest_framework/js/prettify-min.js HTTP/1.1" 304 0
WARNING 2018-10-23 21:46:21,312 basehttp 124 "GET /sms_codes/15684575817/ HTTP/1.1" 400 9583
INFO 2018-10-23 21:46:21,334 basehttp 124 "GET /static/rest_framework/css/bootstrap-tweaks.css HTTP/1.1" 304 0
INFO 2018-10-23 21:46:21,335 basehttp 124 "GET /static/rest_framework/css/bootstrap.min.css HTTP/1.1" 304 0
INFO 2018-10-23 21:46:21,344 basehttp 124 "GET /static/rest_framework/css/prettify.css HTTP/1.1" 304 0
INFO 2018-10-23 21:46:21,346 basehttp 124 "GET /static/rest_framework/js/jquery-3.3.1.min.js HTTP/1.1" 304 0
INFO 2018-10-23 21:46:21,348 basehttp 124 "GET /static/rest_framework/js/ajax-form.js HTTP/1.1" 304 0
INFO 2018-10-23 21:46:21,361 basehttp 124 "GET /static/rest_framework/js/csrf.js HTTP/1.1" 304 0
INFO 2018-10-23 21:46:21,362 basehttp 124 "GET /static/rest_framework/js/prettify-min.js HTTP/1.1" 304 0
INFO 2018-10-23 21:46:21,362 basehttp 124 "GET /static/rest_framework/css/default.css HTTP/1.1" 304 0
INFO 2018-10-23 21:46:21,362 basehttp 124 "GET /static/rest_framework/js/bootstrap.min.js HTTP/1.1" 304 0
INFO 2018-10-23 21:46:21,367 basehttp 124 "GET /static/rest_framework/js/default.js HTTP/1.1" 304 0
WARNING 2018-10-23 21:46:21,864 basehttp 124 "GET /sms_codes/15684575817/ HTTP/1.1" 400 9583
INFO 2018-10-23 21:46:21,887 basehttp 124 "GET /static/rest_framework/css/bootstrap-tweaks.css HTTP/1.1" 304 0
INFO 2018-10-23 21:46:21,890 basehttp 124 "GET /static/rest_framework/js/jquery-3.3.1.min.js HTTP/1.1" 304 0
INFO 2018-10-23 21:46:21,890 basehttp 124 "GET /static/rest_framework/css/bootstrap.min.css HTTP/1.1" 304 0
INFO 2018-10-23 21:46:21,891 basehttp 124 "GET /static/rest_framework/js/ajax-form.js HTTP/1.1" 304 0
INFO 2018-10-23 21:46:21,891 basehttp 124 "GET /static/rest_framework/css/prettify.css HTTP/1.1" 304 0
INFO 2018-10-23 21:46:21,893 basehttp 124 "GET /static/rest_framework/js/csrf.js HTTP/1.1" 304 0
INFO 2018-10-23 21:46:21,894 basehttp 124 "GET /static/rest_framework/css/default.css HTTP/1.1" 304 0
INFO 2018-10-23 21:46:21,896 basehttp 124 "GET /static/rest_framework/js/bootstrap.min.js HTTP/1.1" 304 0
INFO 2018-10-23 21:46:21,899 basehttp 124 "GET /static/rest_framework/js/prettify-min.js HTTP/1.1" 304 0
INFO 2018-10-23 21:46:21,900 basehttp 124 "GET /static/rest_framework/js/default.js HTTP/1.1" 304 0
INFO 2018-10-23 21:46:32,020 basehttp 124 "GET /sms_codes/15684575817/ HTTP/1.1" 200 9558
INFO 2018-10-23 21:46:32,035 basehttp 124 "GET /static/rest_framework/css/bootstrap.min.css HTTP/1.1" 304 0
INFO 2018-10-23 21:46:32,037 basehttp 124 "GET /static/rest_framework/css/bootstrap-tweaks.css HTTP/1.1" 304 0
INFO 2018-10-23 21:46:32,038 basehttp 124 "GET /static/rest_framework/css/default.css HTTP/1.1" 304 0
INFO 2018-10-23 21:46:32,038 basehttp 124 "GET /static/rest_framework/js/jquery-3.3.1.min.js HTTP/1.1" 304 0
INFO 2018-10-23 21:46:32,039 basehttp 124 "GET /static/rest_framework/css/prettify.css HTTP/1.1" 304 0
INFO 2018-10-23 21:46:32,050 basehttp 124 "GET /static/rest_framework/js/ajax-form.js HTTP/1.1" 304 0
INFO 2018-10-23 21:46:32,053 basehttp 124 "GET /static/rest_framework/js/csrf.js HTTP/1.1" 304 0
INFO 2018-10-23 21:46:32,056 basehttp 124 "GET /static/rest_framework/js/prettify-min.js HTTP/1.1" 304 0
INFO 2018-10-23 21:46:32,058 basehttp 124 "GET /static/rest_framework/js/bootstrap.min.js HTTP/1.1" 304 0
INFO 2018-10-23 21:46:32,064 basehttp 124 "GET /static/rest_framework/js/default.js HTTP/1.1" 304 0
INFO 2018-10-23 21:47:43,029 basehttp 124 "GET /sms_codes/15684575817/ HTTP/1.1" 200 9558
INFO 2018-10-23 21:47:43,045 basehttp 124 "GET /static/rest_framework/css/default.css HTTP/1.1" 304 0
INFO 2018-10-23 21:47:43,047 basehttp 124 "GET /static/rest_framework/js/jquery-3.3.1.min.js HTTP/1.1" 304 0
INFO 2018-10-23 21:47:43,047 basehttp 124 "GET /static/rest_framework/css/prettify.css HTTP/1.1" 304 0
INFO 2018-10-23 21:47:43,049 basehttp 124 "GET /static/rest_framework/css/bootstrap.min.css HTTP/1.1" 304 0
INFO 2018-10-23 21:47:43,051 basehttp 124 "GET /static/rest_framework/css/bootstrap-tweaks.css HTTP/1.1" 304 0
INFO 2018-10-23 21:47:43,052 basehttp 124 "GET /static/rest_framework/js/csrf.js HTTP/1.1" 304 0
INFO 2018-10-23 21:47:43,053 basehttp 124 "GET /static/rest_framework/js/ajax-form.js HTTP/1.1" 304 0
INFO 2018-10-23 21:47:43,055 basehttp 124 "GET /static/rest_framework/js/bootstrap.min.js HTTP/1.1" 304 0
INFO 2018-10-23 21:47:43,059 basehttp 124 "GET /static/rest_framework/js/prettify-min.js HTTP/1.1" 304 0
INFO 2018-10-23 21:47:43,060 basehttp 124 "GET /static/rest_framework/js/default.js HTTP/1.1" 304 0
WARNING 2018-10-23 21:48:30,345 basehttp 124 "GET /sms_codes/15684575817/ HTTP/1.1" 400 9583
INFO 2018-10-23 21:50:03,762 basehttp 124 "GET /sms_codes/15684575817/ HTTP/1.1" 200 9558
INFO 2018-10-23 21:50:03,779 basehttp 124 "GET /static/rest_framework/css/default.css HTTP/1.1" 304 0
INFO 2018-10-23 21:50:03,780 basehttp 124 "GET /static/rest_framework/css/bootstrap-tweaks.css HTTP/1.1" 304 0
INFO 2018-10-23 21:50:03,781 basehttp 124 "GET /static/rest_framework/css/bootstrap.min.css HTTP/1.1" 304 0
INFO 2018-10-23 21:50:03,782 basehttp 124 "GET /static/rest_framework/css/prettify.css HTTP/1.1" 304 0
INFO 2018-10-23 21:50:03,794 basehttp 124 "GET /static/rest_framework/js/bootstrap.min.js HTTP/1.1" 304 0
INFO 2018-10-23 21:50:03,804 basehttp 124 "GET /static/rest_framework/js/jquery-3.3.1.min.js HTTP/1.1" 304 0
INFO 2018-10-23 21:50:03,807 basehttp 124 "GET /static/rest_framework/js/ajax-form.js HTTP/1.1" 304 0
INFO 2018-10-23 21:50:03,810 basehttp 124 "GET /static/rest_framework/js/default.js HTTP/1.1" 304 0
INFO 2018-10-23 21:50:03,811 basehttp 124 "GET /static/rest_framework/js/prettify-min.js HTTP/1.1" 304 0
INFO 2018-10-23 21:50:03,811 basehttp 124 "GET /static/rest_framework/js/csrf.js HTTP/1.1" 304 0
WARNING 2018-10-24 08:58:56,733 base 152 Not Found: /
WARNING 2018-10-24 08:58:56,749 basehttp 124 "GET / HTTP/1.1" 404 2493
WARNING 2018-10-24 08:58:57,261 base 152 Not Found: /favicon.ico
WARNING 2018-10-24 08:58:57,262 basehttp 124 "GET /favicon.ico HTTP/1.1" 404 2544
INFO 2018-10-24 08:59:13,006 basehttp 124 "GET /username/python/count/ HTTP/1.1" 200 9592
INFO 2018-10-24 08:59:13,052 basehttp 124 "GET /static/rest_framework/css/default.css HTTP/1.1" 304 0
INFO 2018-10-24 08:59:13,058 basehttp 124 "GET /static/rest_framework/css/bootstrap-tweaks.css HTTP/1.1" 304 0
INFO 2018-10-24 08:59:13,059 basehttp 124 "GET /static/rest_framework/js/jquery-3.3.1.min.js HTTP/1.1" 304 0
INFO 2018-10-24 08:59:13,059 basehttp 124 "GET /static/rest_framework/js/prettify-min.js HTTP/1.1" 304 0
INFO 2018-10-24 08:59:13,060 basehttp 124 "GET /static/rest_framework/js/ajax-form.js HTTP/1.1" 304 0
INFO 2018-10-24 08:59:13,060 basehttp 124 "GET /static/rest_framework/js/csrf.js HTTP/1.1" 304 0
INFO 2018-10-24 08:59:13,063 basehttp 124 "GET /static/rest_framework/js/bootstrap.min.js HTTP/1.1" 304 0
INFO 2018-10-24 08:59:13,071 basehttp 124 "GET /static/rest_framework/css/bootstrap.min.css HTTP/1.1" 304 0
INFO 2018-10-24 08:59:13,074 basehttp 124 "GET /static/rest_framework/js/default.js HTTP/1.1" 304 0
INFO 2018-10-24 08:59:13,074 basehttp 124 "GET /static/rest_framework/css/prettify.css HTTP/1.1" 304 0
INFO 2018-10-24 08:59:13,322 basehttp 124 "GET /static/rest_framework/img/grid.png HTTP/1.1" 304 0
INFO 2018-10-24 08:59:47,516 basehttp 124 "GET /mobile/13111111111/count/ HTTP/1.1" 200 9589
WARNING 2018-10-24 09:00:31,249 base 152 Not Found: /mobile/13111111111/
WARNING 2018-10-24 09:00:31,250 basehttp 124 "GET /mobile/13111111111/ HTTP/1.1" 404 2554
INFO 2018-10-24 09:00:33,789 basehttp 124 "GET /mobile/13111111111 HTTP/1.1" 200 9547
INFO 2018-10-24 09:00:37,739 basehttp 124 "GET /mobile/13111111111 HTTP/1.1" 200 9547
WARNING 2018-10-24 10:31:45,514 base 152 Not Found: /usernames/python/count/
WARNING 2018-10-24 10:31:45,515 basehttp 124 "GET /usernames/python/count/ HTTP/1.1" 404 2586
WARNING 2018-10-24 10:31:56,732 base 152 Not Found: /mobiles/13111111111/count/
WARNING 2018-10-24 10:31:56,733 basehttp 124 "GET /mobiles/13111111111/count/ HTTP/1.1" 404 2595
WARNING 2018-10-24 10:31:57,847 base 152 Not Found: /mobiles/13111111111/count/
WARNING 2018-10-24 10:31:57,848 basehttp 124 "GET /mobiles/13111111111/count/ HTTP/1.1" 404 2595
INFO 2018-10-24 10:31:58,346 basehttp 124 "GET /sms_codes/13111111111/ HTTP/1.1" 200 16
WARNING 2018-10-24 10:32:58,887 base 152 Not Found: /usernames/python/count/
WARNING 2018-10-24 10:32:58,892 base 152 Not Found: /mobiles/13111111111/count/
INFO 2018-10-24 10:32:58,894 basehttp 124 "OPTIONS /users/ HTTP/1.1" 200 0
WARNING 2018-10-24 10:32:58,894 basehttp 124 "GET /mobiles/13111111111/count/ HTTP/1.1" 404 2595
WARNING 2018-10-24 10:32:58,894 basehttp 124 "GET /usernames/python/count/ HTTP/1.1" 404 2586
WARNING 2018-10-24 10:32:58,900 base 152 Not Found: /users/
WARNING 2018-10-24 10:32:58,900 basehttp 124 "POST /users/ HTTP/1.1" 404 2536
WARNING 2018-10-24 10:33:00,680 base 152 Not Found: /users/
WARNING 2018-10-24 10:33:00,686 base 152 Not Found: /usernames/python/count/
WARNING 2018-10-24 10:33:00,687 basehttp 124 "POST /users/ HTTP/1.1" 404 2536
WARNING 2018-10-24 10:33:00,691 base 152 Not Found: /mobiles/13111111111/count/
WARNING 2018-10-24 10:33:00,692 basehttp 124 "GET /usernames/python/count/ HTTP/1.1" 404 2586
WARNING 2018-10-24 10:33:00,693 basehttp 124 "GET /mobiles/13111111111/count/ HTTP/1.1" 404 2595
WARNING 2018-10-24 10:33:02,151 base 152 Not Found: /usernames/python/count/
WARNING 2018-10-24 10:33:02,155 base 152 Not Found: /users/
WARNING 2018-10-24 10:33:02,160 base 152 Not Found: /mobiles/13111111111/count/
WARNING 2018-10-24 10:33:02,160 basehttp 124 "GET /usernames/python/count/ HTTP/1.1" 404 2586
WARNING 2018-10-24 10:33:02,160 basehttp 124 "POST /users/ HTTP/1.1" 404 2536
WARNING 2018-10-24 10:33:02,161 basehttp 124 "GET /mobiles/13111111111/count/ HTTP/1.1" 404 2595
WARNING 2018-10-24 10:33:02,761 base 152 Not Found: /users/
WARNING 2018-10-24 10:33:02,766 base 152 Not Found: /usernames/python/count/
WARNING 2018-10-24 10:33:02,770 base 152 Not Found: /mobiles/13111111111/count/
WARNING 2018-10-24 10:33:02,772 basehttp 124 "GET /mobiles/13111111111/count/ HTTP/1.1" 404 2595
WARNING 2018-10-24 10:33:02,771 basehttp 124 "GET /usernames/python/count/ HTTP/1.1" 404 2586
WARNING 2018-10-24 10:33:02,771 basehttp 124 "POST /users/ HTTP/1.1" 404 2536
WARNING 2018-10-24 10:33:03,288 base 152 Not Found: /usernames/python/count/
WARNING 2018-10-24 10:33:03,292 base 152 Not Found: /mobiles/13111111111/count/
WARNING 2018-10-24 10:33:03,296 base 152 Not Found: /users/
WARNING 2018-10-24 10:33:03,297 basehttp 124 "GET /usernames/python/count/ HTTP/1.1" 404 2586
WARNING 2018-10-24 10:33:03,298 basehttp 124 "GET /mobiles/13111111111/count/ HTTP/1.1" 404 2595
WARNING 2018-10-24 10:33:03,299 basehttp 124 "POST /users/ HTTP/1.1" 404 2536
WARNING 2018-10-24 10:33:03,646 base 152 Not Found: /users/
WARNING 2018-10-24 10:33:03,651 base 152 Not Found: /usernames/python/count/
WARNING 2018-10-24 10:33:03,655 base 152 Not Found: /mobiles/13111111111/count/
WARNING 2018-10-24 10:33:03,656 basehttp 124 "GET /usernames/python/count/ HTTP/1.1" 404 2586
WARNING 2018-10-24 10:33:03,657 basehttp 124 "POST /users/ HTTP/1.1" 404 2536
WARNING 2018-10-24 10:33:03,659 basehttp 124 "GET /mobiles/13111111111/count/ HTTP/1.1" 404 2595
WARNING 2018-10-24 10:33:04,151 base 152 Not Found: /mobiles/13111111111/count/
WARNING 2018-10-24 10:33:04,155 base 152 Not Found: /usernames/python/count/
WARNING 2018-10-24 10:33:04,159 base 152 Not Found: /users/
WARNING 2018-10-24 10:33:04,160 basehttp 124 "GET /mobiles/13111111111/count/ HTTP/1.1" 404 2595
WARNING 2018-10-24 10:33:04,161 basehttp 124 "POST /users/ HTTP/1.1" 404 2536
WARNING 2018-10-24 10:33:04,163 basehttp 124 "GET /usernames/python/count/ HTTP/1.1" 404 2586
WARNING 2018-10-24 10:33:23,201 base 152 Not Found: /users/
WARNING 2018-10-24 10:33:23,205 base 152 Not Found: /usernames/python/count/
WARNING 2018-10-24 10:33:23,210 base 152 Not Found: /mobiles/13111111111/count/
WARNING 2018-10-24 10:33:23,211 basehttp 124 "GET /mobiles/13111111111/count/ HTTP/1.1" 404 2595
WARNING 2018-10-24 10:33:23,210 basehttp 124 "POST /users/ HTTP/1.1" 404 2536
WARNING 2018-10-24 10:33:23,213 basehttp 124 "GET /usernames/python/count/ HTTP/1.1" 404 2586
WARNING 2018-10-24 10:43:30,586 base 152 Not Found: /mobile/13111111111
WARNING 2018-10-24 10:43:30,589 basehttp 124 "GET /mobile/13111111111 HTTP/1.1" 404 2565
INFO 2018-10-24 10:43:42,872 basehttp 124 "GET /mobile/13111111111/count/ HTTP/1.1" 200 9589
WARNING 2018-10-24 10:43:55,256 base 152 Not Found: /usernames/python/count/
WARNING 2018-10-24 10:43:55,258 basehttp 124 "GET /usernames/python/count/ HTTP/1.1" 404 2586
WARNING 2018-10-24 10:47:16,029 base 152 Not Found: /usernames/python/count/
WARNING 2018-10-24 10:47:16,031 basehttp 124 "GET /usernames/python/count/ HTTP/1.1" 404 2586
WARNING 2018-10-24 10:47:35,276 base 152 Not Found: /mobiles/13111111111/count/
WARNING 2018-10-24 10:47:35,277 basehttp 124 "GET /mobiles/13111111111/count/ HTTP/1.1" 404 2595
WARNING 2018-10-24 10:47:37,029 base 152 Not Found: /mobiles/13111111111/count/
WARNING 2018-10-24 10:47:37,032 basehttp 124 "GET /mobiles/13111111111/count/ HTTP/1.1" 404 2595
INFO 2018-10-24 10:47:37,118 basehttp 124 "GET /sms_codes/13111111111/ HTTP/1.1" 200 16
WARNING 2018-10-24 10:48:23,912 base 152 Not Found: /usernames/python/count/
INFO 2018-10-24 10:48:23,916 basehttp 124 "OPTIONS /users/ HTTP/1.1" 200 0
WARNING 2018-10-24 10:48:23,916 basehttp 124 "GET /usernames/python/count/ HTTP/1.1" 404 2586
WARNING 2018-10-24 10:48:23,933 base 152 Not Found: /mobiles/13111111111/count/
WARNING 2018-10-24 10:48:23,938 base 152 Not Found: /users/
WARNING 2018-10-24 10:48:23,939 basehttp 124 "POST /users/ HTTP/1.1" 404 2536
WARNING 2018-10-24 10:48:23,941 basehttp 124 "GET /mobiles/13111111111/count/ HTTP/1.1" 404 2595
WARNING 2018-10-24 10:48:25,975 base 152 Not Found: /users/
WARNING 2018-10-24 10:48:25,979 base 152 Not Found: /mobiles/13111111111/count/
WARNING 2018-10-24 10:48:25,984 base 152 Not Found: /usernames/python/count/
WARNING 2018-10-24 10:48:25,985 basehttp 124 "POST /users/ HTTP/1.1" 404 2536
WARNING 2018-10-24 10:48:25,988 basehttp 124 "GET /mobiles/13111111111/count/ HTTP/1.1" 404 2595
WARNING 2018-10-24 10:48:25,990 basehttp 124 "GET /usernames/python/count/ HTTP/1.1" 404 2586
WARNING 2018-10-24 13:04:56,457 base 152 Not Found: /usernames/python/count/
WARNING 2018-10-24 13:04:56,459 basehttp 124 "GET /usernames/python/count/ HTTP/1.1" 404 2586
WARNING 2018-10-24 13:05:09,066 base 152 Not Found: /mobiles/13111111111/count/
WARNING 2018-10-24 13:05:09,068 basehttp 124 "GET /mobiles/13111111111/count/ HTTP/1.1" 404 2595
WARNING 2018-10-24 13:05:09,155 base 152 Not Found: /mobiles/13111111111/count/
WARNING 2018-10-24 13:05:09,159 basehttp 124 "GET /mobiles/13111111111/count/ HTTP/1.1" 404 2595
INFO 2018-10-24 13:05:09,233 basehttp 124 "GET /sms_codes/13111111111/ HTTP/1.1" 200 16
WARNING 2018-10-24 13:06:14,593 base 152 Not Found: /mobiles/13111111111/count/
WARNING 2018-10-24 13:06:14,600 basehttp 124 "GET /mobiles/13111111111/count/ HTTP/1.1" 404 2595
INFO 2018-10-24 13:06:14,659 basehttp 124 "GET /sms_codes/13111111111/ HTTP/1.1" 200 16
WARNING 2018-10-24 13:06:34,200 base 152 Not Found: /usernames/python/count/
WARNING 2018-10-24 13:06:34,205 base 152 Not Found: /mobiles/13111111111/count/
WARNING 2018-10-24 13:06:34,209 basehttp 124 "GET /mobiles/13111111111/count/ HTTP/1.1" 404 2595
WARNING 2018-10-24 13:06:34,208 basehttp 124 "GET /usernames/python/count/ HTTP/1.1" 404 2586
INFO 2018-10-24 13:06:34,210 basehttp 124 "OPTIONS /users/ HTTP/1.1" 200 0
WARNING 2018-10-24 13:06:34,224 base 152 Not Found: /users/
WARNING 2018-10-24 13:06:34,225 basehttp 124 "POST /users/ HTTP/1.1" 404 2536
WARNING 2018-10-24 13:06:34,964 base 152 Not Found: /mobiles/13111111111/count/
WARNING 2018-10-24 13:06:34,969 base 152 Not Found: /users/
WARNING 2018-10-24 13:06:34,980 base 152 Not Found: /usernames/python/count/
WARNING 2018-10-24 13:06:34,981 basehttp 124 "GET /mobiles/13111111111/count/ HTTP/1.1" 404 2595
WARNING 2018-10-24 13:06:34,984 basehttp 124 "GET /usernames/python/count/ HTTP/1.1" 404 2586
WARNING 2018-10-24 13:06:34,985 basehttp 124 "POST /users/ HTTP/1.1" 404 2536
WARNING 2018-10-24 13:06:35,268 base 152 Not Found: /users/
WARNING 2018-10-24 13:06:35,284 base 152 Not Found: /usernames/python/count/
WARNING 2018-10-24 13:06:35,288 base 152 Not Found: /mobiles/13111111111/count/
WARNING 2018-10-24 13:06:35,289 basehttp 124 "GET /mobiles/13111111111/count/ HTTP/1.1" 404 2595
WARNING 2018-10-24 13:06:35,290 basehttp 124 "POST /users/ HTTP/1.1" 404 2536
WARNING 2018-10-24 13:06:35,291 basehttp 124 "GET /usernames/python/count/ HTTP/1.1" 404 2586
WARNING 2018-10-24 13:06:35,469 base 152 Not Found: /mobiles/13111111111/count/
WARNING 2018-10-24 13:06:35,475 base 152 Not Found: /usernames/python/count/
WARNING 2018-10-24 13:06:35,488 base 152 Not Found: /users/
WARNING 2018-10-24 13:06:35,489 basehttp 124 "GET /mobiles/13111111111/count/ HTTP/1.1" 404 2595
WARNING 2018-10-24 13:06:35,491 basehttp 124 "GET /usernames/python/count/ HTTP/1.1" 404 2586
WARNING 2018-10-24 13:06:35,493 basehttp 124 "POST /users/ HTTP/1.1" 404 2536
WARNING 2018-10-24 13:06:35,652 base 152 Not Found: /usernames/python/count/
WARNING 2018-10-24 13:06:35,663 base 152 Not Found: /mobiles/13111111111/count/
WARNING 2018-10-24 13:06:35,664 basehttp 124 "GET /usernames/python/count/ HTTP/1.1" 404 2586
WARNING 2018-10-24 13:06:35,665 basehttp 124 "GET /mobiles/13111111111/count/ HTTP/1.1" 404 2595
WARNING 2018-10-24 13:06:35,681 base 152 Not Found: /users/
WARNING 2018-10-24 13:06:35,684 basehttp 124 "POST /users/ HTTP/1.1" 404 2536
WARNING 2018-10-24 13:44:31,082 base 152 Not Found: /
WARNING 2018-10-24 13:44:31,083 basehttp 124 "GET / HTTP/1.1" 404 2493
INFO 2018-10-24 13:44:42,112 basehttp 124 "GET /mobile/13111111111/count/ HTTP/1.1" 200 9589
INFO 2018-10-24 13:44:42,138 basehttp 124 "GET /static/rest_framework/css/bootstrap-tweaks.css HTTP/1.1" 304 0
INFO 2018-10-24 13:44:42,138 basehttp 124 "GET /static/rest_framework/css/prettify.css HTTP/1.1" 304 0
INFO 2018-10-24 13:44:42,138 basehttp 124 "GET /static/rest_framework/css/bootstrap.min.css HTTP/1.1" 304 0
INFO 2018-10-24 13:44:42,145 basehttp 124 "GET /static/rest_framework/css/default.css HTTP/1.1" 304 0
INFO 2018-10-24 13:44:42,151 basehttp 124 "GET /static/rest_framework/js/ajax-form.js HTTP/1.1" 304 0
INFO 2018-10-24 13:44:42,151 basehttp 124 "GET /static/rest_framework/js/jquery-3.3.1.min.js HTTP/1.1" 304 0
INFO 2018-10-24 13:44:42,151 basehttp 124 "GET /static/rest_framework/js/csrf.js HTTP/1.1" 304 0
INFO 2018-10-24 13:44:42,159 basehttp 124 "GET /static/rest_framework/js/bootstrap.min.js HTTP/1.1" 304 0
INFO 2018-10-24 13:44:42,156 basehttp 124 "GET /static/rest_framework/js/prettify-min.js HTTP/1.1" 304 0
INFO 2018-10-24 13:44:42,161 basehttp 124 "GET /static/rest_framework/js/default.js HTTP/1.1" 304 0
INFO 2018-10-24 13:44:42,203 basehttp 124 "GET /static/rest_framework/img/grid.png HTTP/1.1" 304 0
WARNING 2018-10-24 13:48:24,246 base 152 Not Found: /usernames/python/count/
WARNING 2018-10-24 13:48:24,247 basehttp 124 "GET /usernames/python/count/ HTTP/1.1" 404 2742
WARNING 2018-10-24 13:48:38,683 base 152 Not Found: /mobiles/13111111111/count/
WARNING 2018-10-24 13:48:38,685 basehttp 124 "GET /mobiles/13111111111/count/ HTTP/1.1" 404 2751
WARNING 2018-10-24 13:48:38,792 base 152 Not Found: /mobiles/13111111111/count/
WARNING 2018-10-24 13:48:38,795 basehttp 124 "GET /mobiles/13111111111/count/ HTTP/1.1" 404 2751
INFO 2018-10-24 13:48:38,839 basehttp 124 "GET /sms_codes/13111111111/ HTTP/1.1" 200 16
WARNING 2018-10-24 13:49:08,737 base 152 Not Found: /usernames/python/count/
WARNING 2018-10-24 13:49:08,738 basehttp 124 "GET /usernames/python/count/ HTTP/1.1" 404 2742
WARNING 2018-10-24 13:49:08,745 base 152 Not Found: /mobiles/13111111111/count/
WARNING 2018-10-24 13:49:08,747 basehttp 124 "GET /mobiles/13111111111/count/ HTTP/1.1" 404 2751
INFO 2018-10-24 13:49:08,747 basehttp 124 "OPTIONS /users/ HTTP/1.1" 200 0
INFO 2018-10-24 13:49:08,784 basehttp 124 "POST /users/ HTTP/1.1" 201 62
INFO 2018-10-24 13:50:34,387 basehttp 124 "OPTIONS /authorizations/ HTTP/1.1" 200 0
WARNING 2018-10-24 13:50:34,393 base 152 Not Found: /authorizations/
WARNING 2018-10-24 13:50:34,394 basehttp 124 "POST /authorizations/ HTTP/1.1" 404 2719
WARNING 2018-10-24 16:44:30,866 base 152 Not Found: /
WARNING 2018-10-24 16:44:30,895 basehttp 124 "GET / HTTP/1.1" 404 2649
WARNING 2018-10-24 16:44:31,185 base 152 Not Found: /favicon.ico
WARNING 2018-10-24 16:44:31,186 basehttp 124 "GET /favicon.ico HTTP/1.1" 404 2700
INFO 2018-10-24 16:44:43,263 basehttp 124 "GET /sms_codes/15684575817/ HTTP/1.1" 200 9558
INFO 2018-10-24 16:49:59,485 basehttp 124 "GET /sms_codes/15684575817/ HTTP/1.1" 200 9558
INFO 2018-10-24 16:51:05,469 basehttp 124 "GET /sms_codes/15618586476/ HTTP/1.1" 200 9558
INFO 2018-10-24 16:52:20,572 basehttp 124 "GET /sms_codes/15026789934/ HTTP/1.1" 200 9558
WARNING 2018-10-24 16:52:31,210 basehttp 124 "GET /sms_codes/15026789934/ HTTP/1.1" 400 9583
WARNING 2018-10-24 16:56:35,562 base 152 Not Found: /usernames/wolaiziufo/count/
WARNING 2018-10-24 16:56:35,563 basehttp 124 "GET /usernames/wolaiziufo/count/ HTTP/1.1" 404 2754
WARNING 2018-10-24 16:58:04,560 base 152 Not Found: /mobiles/15684575817/count/
WARNING 2018-10-24 16:58:04,561 basehttp 124 "GET /mobiles/15684575817/count/ HTTP/1.1" 404 2751
WARNING 2018-10-24 16:58:05,986 base 152 Not Found: /mobiles/15684575817/count/
WARNING 2018-10-24 16:58:05,988 basehttp 124 "GET /mobiles/15684575817/count/ HTTP/1.1" 404 2751
INFO 2018-10-24 16:58:05,992 basehttp 124 "GET /sms_codes/15684575817/ HTTP/1.1" 200 16
WARNING 2018-10-24 16:59:07,965 base 152 Not Found: /mobiles/15684575817/count/
WARNING 2018-10-24 16:59:07,968 basehttp 124 "GET /mobiles/15684575817/count/ HTTP/1.1" 404 2751
INFO 2018-10-24 16:59:07,973 basehttp 124 "GET /sms_codes/15684575817/ HTTP/1.1" 200 16
WARNING 2018-10-24 16:59:20,958 base 152 Not Found: /usernames/wolaiziufo/count/
WARNING 2018-10-24 16:59:20,961 base 152 Not Found: /mobiles/15684575817/count/
WARNING 2018-10-24 16:59:20,964 basehttp 124 "GET /usernames/wolaiziufo/count/ HTTP/1.1" 404 2754
INFO 2018-10-24 16:59:20,965 basehttp 124 "OPTIONS /users/ HTTP/1.1" 200 0
WARNING 2018-10-24 16:59:20,966 basehttp 124 "GET /mobiles/15684575817/count/ HTTP/1.1" 404 2751
INFO 2018-10-24 16:59:21,005 basehttp 124 "POST /users/ HTTP/1.1" 201 66
WARNING 2018-10-25 09:24:49,404 base 152 Not Found: /
WARNING 2018-10-25 09:24:49,430 basehttp 124 "GET / HTTP/1.1" 404 2649
WARNING 2018-10-25 09:24:49,736 base 152 Not Found: /favicon.ico
WARNING 2018-10-25 09:24:49,737 basehttp 124 "GET /favicon.ico HTTP/1.1" 404 2700
INFO 2018-10-25 09:25:21,462 basehttp 124 "GET /sms_codes/15618586476/ HTTP/1.1" 200 9558
INFO 2018-10-25 09:25:21,524 basehttp 124 "GET /static/rest_framework/js/jquery-3.3.1.min.js HTTP/1.1" 304 0
INFO 2018-10-25 09:25:21,525 basehttp 124 "GET /static/rest_framework/js/ajax-form.js HTTP/1.1" 304 0
INFO 2018-10-25 09:25:21,526 basehttp 124 "GET /static/rest_framework/js/bootstrap.min.js HTTP/1.1" 304 0
INFO 2018-10-25 09:25:21,526 basehttp 124 "GET /static/rest_framework/js/csrf.js HTTP/1.1" 304 0
INFO 2018-10-25 09:25:21,533 basehttp 124 "GET /static/rest_framework/js/prettify-min.js HTTP/1.1" 304 0
INFO 2018-10-25 09:25:21,534 basehttp 124 "GET /static/rest_framework/js/default.js HTTP/1.1" 304 0
INFO 2018-10-25 09:25:21,536 basehttp 124 "GET /static/rest_framework/css/bootstrap.min.css HTTP/1.1" 304 0
INFO 2018-10-25 09:25:21,536 basehttp 124 "GET /static/rest_framework/css/bootstrap-tweaks.css HTTP/1.1" 304 0
INFO 2018-10-25 09:25:21,538 basehttp 124 "GET /static/rest_framework/css/default.css HTTP/1.1" 304 0
INFO 2018-10-25 09:25:21,539 basehttp 124 "GET /static/rest_framework/css/prettify.css HTTP/1.1" 304 0
INFO 2018-10-25 09:25:21,759 basehttp 124 "GET /static/rest_framework/img/grid.png HTTP/1.1" 304 0
INFO 2018-10-25 09:26:15,033 basehttp 124 "GET /sms_codes/15684575817/ HTTP/1.1" 200 9558
INFO 2018-10-25 09:28:22,784 basehttp 124 "GET /sms_codes/15618586476/ HTTP/1.1" 200 9558
WARNING 2018-10-25 15:11:11,848 base 152 Not Found: /
WARNING 2018-10-25 15:11:11,849 basehttp 124 "GET / HTTP/1.1" 404 2649
WARNING 2018-10-25 15:11:12,132 base 152 Not Found: /favicon.ico
WARNING 2018-10-25 15:11:12,133 basehttp 124 "GET /favicon.ico HTTP/1.1" 404 2700
INFO 2018-10-25 15:11:25,836 basehttp 124 "GET /sms_codes/15684575817/ HTTP/1.1" 200 9558
WARNING 2018-10-25 15:11:28,265 basehttp 124 "GET /sms_codes/15684575817/ HTTP/1.1" 400 9583
WARNING 2018-10-25 15:11:36,585 basehttp 124 "GET /sms_codes/15684575817/ HTTP/1.1" 400 9583
WARNING 2018-10-25 15:11:38,328 basehttp 124 "GET /sms_codes/15684575817/ HTTP/1.1" 400 9583
WARNING 2018-10-25 15:11:39,934 basehttp 124 "GET /sms_codes/15684575817/ HTTP/1.1" 400 9583
WARNING 2018-10-25 15:13:44,518 base 152 Not Found: /
WARNING 2018-10-25 15:13:44,519 basehttp 124 "GET / HTTP/1.1" 404 2649
WARNING 2018-10-25 15:13:44,556 base 152 Not Found: /favicon.ico
WARNING 2018-10-25 15:13:44,556 basehttp 124 "GET /favicon.ico HTTP/1.1" 404 2700
INFO 2018-10-25 15:13:52,460 basehttp 124 "GET /sms_codes/15684575817/ HTTP/1.1" 200 9558
WARNING 2018-10-25 15:14:27,412 basehttp 124 "GET /sms_codes/15684575817/ HTTP/1.1" 400 9583
WARNING 2018-10-25 15:14:45,998 basehttp 124 "GET /sms_codes/15684575817/ HTTP/1.1" 400 9583
WARNING 2018-10-25 15:14:48,330 basehttp 124 "GET /sms_codes/15684575817/ HTTP/1.1" 400 9583
INFO 2018-10-25 15:15:00,459 basehttp 124 "GET /sms_codes/15684575817/ HTTP/1.1" 200 9558
WARNING 2018-10-25 15:15:55,199 basehttp 124 "GET /sms_codes/15684575817/ HTTP/1.1" 400 9583
WARNING 2018-10-25 15:15:57,911 basehttp 124 "GET /sms_codes/15684575817/ HTTP/1.1" 400 9583
INFO 2018-10-25 15:16:09,171 basehttp 124 "GET /sms_codes/15684575817/ HTTP/1.1" 200 9558
WARNING 2018-10-25 18:47:00,993 base 152 Not Found: /usernames/wolaiziufo/count/
WARNING 2018-10-25 18:47:00,994 basehttp 124 "GET /usernames/wolaiziufo/count/ HTTP/1.1" 404 2919
WARNING 2018-10-25 18:47:19,222 base 152 Not Found: /mobiles/13111111111/count/
WARNING 2018-10-25 18:47:19,223 basehttp 124 "GET /mobiles/13111111111/count/ HTTP/1.1" 404 2916
WARNING 2018-10-25 18:47:19,333 base 152 Not Found: /mobiles/13111111111/count/
WARNING 2018-10-25 18:47:19,337 basehttp 124 "GET /mobiles/13111111111/count/ HTTP/1.1" 404 2916
INFO 2018-10-25 18:47:19,392 basehttp 124 "GET /sms_codes/13111111111/ HTTP/1.1" 200 16
WARNING 2018-10-25 18:47:55,117 base 152 Not Found: /usernames/wolaiziufo/count/
WARNING 2018-10-25 18:47:55,122 base 152 Not Found: /mobiles/13111111111/count/
WARNING 2018-10-25 18:47:55,124 basehttp 124 "GET /mobiles/13111111111/count/ HTTP/1.1" 404 2916
INFO 2018-10-25 18:47:55,124 basehttp 124 "OPTIONS /users/ HTTP/1.1" 200 0
WARNING 2018-10-25 18:47:55,124 basehttp 124 "GET /usernames/wolaiziufo/count/ HTTP/1.1" 404 2919
INFO 2018-10-25 18:47:55,208 basehttp 124 "POST /users/ HTTP/1.1" 201 245
INFO 2018-10-25 18:48:08,960 basehttp 124 "OPTIONS /authorizations/ HTTP/1.1" 200 0
INFO 2018-10-25 18:48:09,009 basehttp 124 "POST /authorizations/ HTTP/1.1" 200 216
WARNING 2018-10-25 18:48:36,597 basehttp 124 "POST /authorizations/ HTTP/1.1" 400 67
INFO 2018-10-25 18:48:44,592 basehttp 124 "POST /authorizations/ HTTP/1.1" 200 216
INFO 2018-10-25 19:18:11,210 basehttp 124 "OPTIONS /authorizations/ HTTP/1.1" 200 0
INFO 2018-10-25 19:18:11,269 basehttp 124 "POST /authorizations/ HTTP/1.1" 200 216
